<?xml version="1.0" encoding="UTF-8"?>
<!-- Generated by org.testng.reporters.JUnitReportReporter -->
<testsuite skipped="0" hostname="L-ILB-VADAKATTU" name="toDelete.BStack_test1" tests="2" failures="0" timestamp="2020-06-15T17:33:56 IST" time="31.781" errors="0">
  <testcase name="t1Google" time="27.154" classname="toDelete.BStack_test1"/>
  <testcase name="t2FB" time="4.627" classname="toDelete.BStack_test1"/>
</testsuite> <!-- toDelete.BStack_test1 -->
